{"message":"transaction failed reason transaction.wait is not a function","level":"error"}
{"message":"QUEUE_SERVER_ERROR: Connection is closed.","level":"error"}
{"message":"QUEUE_SERVER_ERROR: Connection is closed.","level":"error"}
{"message":"QUEUE_SERVER_ERROR: Connection is closed.","level":"error"}
{"message":"TX_FAILED: invalid ENS name (argument=\"name\", value=undefined, code=INVALID_ARGUMENT, version=providers/5.1.2)","level":"error"}
{"message":"TX_ERORR: Transaction not happening reason - some unexpected error","level":"error"}
{"message":"TX_FAILED: invalid ENS name (argument=\"name\", value=undefined, code=INVALID_ARGUMENT, version=providers/5.1.2)","level":"error"}
{"message":"TX_ERORR: Transaction not happening reason - some unexpected error","level":"error"}
{"message":"TX_FAILED: invalid ENS name (argument=\"name\", value=undefined, code=INVALID_ARGUMENT, version=providers/5.1.2)","level":"error"}
{"message":"TX_ERORR: Transaction not happening reason - some unexpected error","level":"error"}
{"message":"QUEUE_SERVER_ERROR: connect ETIMEDOUT","level":"error"}
{"message":"QUEUE_SERVER_ERROR: Error initializing Lua scripts","level":"error"}
{"message":"QUEUE_SERVER_ERROR: connect ETIMEDOUT","level":"error"}
{"message":"QUEUE_SERVER_ERROR: connect ETIMEDOUT","level":"error"}
{"message":"QUEUE_SERVER_ERROR: connect ETIMEDOUT","level":"error"}
{"message":"QUEUE_SERVER_ERROR: connect ETIMEDOUT","level":"error"}
{"message":"QUEUE_SERVER_ERROR: connect ETIMEDOUT","level":"error"}
{"message":"QUEUE_SERVER_ERROR: connect ETIMEDOUT","level":"error"}
{"message":"QUEUE_SERVER_ERROR: connect ETIMEDOUT","level":"error"}
{"message":"QUEUE_SERVER_ERROR: Error initializing Lua scripts","level":"error"}
{"message":"QUEUE_SERVER_ERROR: connect ETIMEDOUT","level":"error"}
{"message":"QUEUE_SERVER_ERROR: connect ETIMEDOUT","level":"error"}
{"message":"QUEUE_SERVER_ERROR: connect ETIMEDOUT","level":"error"}
{"message":"QUEUE_SERVER_ERROR: connect ETIMEDOUT","level":"error"}
{"message":"QUEUE_SERVER_ERROR: connect ETIMEDOUT","level":"error"}
{"message":"QUEUE_SERVER_ERROR: connect ETIMEDOUT","level":"error"}
{"message":"QUEUE_SERVER_ERROR: connect ETIMEDOUT","level":"error"}
{"message":"QUEUE_SERVER_ERROR: connect ETIMEDOUT","level":"error"}
{"message":"QUEUE_SERVER_ERROR: connect ETIMEDOUT","level":"error"}
{"message":"QUEUE_SERVER_ERROR: connect ETIMEDOUT","level":"error"}
{"message":"QUEUE_SERVER_ERROR: connect ETIMEDOUT","level":"error"}
{"message":"QUEUE_SERVER_ERROR: connect ETIMEDOUT","level":"error"}
{"message":"QUEUE_SERVER_ERROR: Error initializing Lua scripts","level":"error"}
{"message":"QUEUE_SERVER_ERROR: connect ETIMEDOUT","level":"error"}
{"message":"QUEUE_SERVER_ERROR: connect ETIMEDOUT","level":"error"}
{"message":"QUEUE_SERVER_ERROR: Error initializing Lua scripts","level":"error"}
{"message":"QUEUE_SERVER_ERROR: connect ETIMEDOUT","level":"error"}
{"message":"QUEUE_SERVER_ERROR: connect ETIMEDOUT","level":"error"}
{"message":"QUEUE_SERVER_ERROR: Error initializing Lua scripts","level":"error"}
{"message":"QUEUE_SERVER_ERROR: connect ETIMEDOUT","level":"error"}
{"message":"QUEUE_SERVER_ERROR: Error initializing Lua scripts","level":"error"}
{"message":"BAD_REQUEST: one bad request found from ::1","level":"error"}
{"message":"QUEUE_SERVER_ERROR: connect ETIMEDOUT","level":"error"}
{"message":"QUEUE_SERVER_ERROR: Error initializing Lua scripts","level":"error"}
{"message":"QUEUE_SERVER_ERROR: connect ETIMEDOUT","level":"error"}
{"message":"BAD_REQUEST: one bad request found from ::1","level":"error"}
